2021-11-08 19:58:47.111 INFO  (main) [   ] o.e.j.u.log Logging initialized @2781ms to org.eclipse.jetty.util.log.Slf4jLog
2021-11-08 19:58:47.596 INFO  (main) [   ] o.e.j.s.Server jetty-9.4.41.v20210516; built: 2021-05-16T23:56:28.993Z; git: 98607f93c7833e7dc59489b13f3cb0a114fb9f4c; jvm 1.8.0_281-b09
2021-11-08 19:58:47.649 INFO  (main) [   ] o.e.j.d.p.ScanningAppProvider Deployment monitor [file:///Users/rdhyani/Desktop/mine/solr-8.9.0/server/contexts/] at interval 0
2021-11-08 19:58:48.692 INFO  (main) [   ] o.e.j.w.StandardDescriptorProcessor NO JSP Support for /solr, did not find org.apache.jasper.servlet.JspServlet
2021-11-08 19:58:48.714 INFO  (main) [   ] o.e.j.s.session DefaultSessionIdManager workerName=node0
2021-11-08 19:58:48.714 INFO  (main) [   ] o.e.j.s.session No SessionScavenger set, using defaults
2021-11-08 19:58:48.719 INFO  (main) [   ] o.e.j.s.session node0 Scavenging every 600000ms
2021-11-08 19:58:48.938 INFO  (main) [   ] o.a.s.s.SolrDispatchFilter Using logger factory org.apache.logging.slf4j.Log4jLoggerFactory
2021-11-08 19:58:48.946 INFO  (main) [   ] o.a.s.s.SolrDispatchFilter  ___      _       Welcome to Apache Solr™ version 8.9.0
2021-11-08 19:58:48.946 INFO  (main) [   ] o.a.s.s.SolrDispatchFilter / __| ___| |_ _   Starting in standalone mode on port 8983
2021-11-08 19:58:48.946 INFO  (main) [   ] o.a.s.s.SolrDispatchFilter \__ \/ _ \ | '_|  Install dir: /Users/rdhyani/Desktop/mine/solr-8.9.0
2021-11-08 19:58:48.947 INFO  (main) [   ] o.a.s.s.SolrDispatchFilter |___/\___/_|_|    Start time: 2021-11-08T19:58:48.947Z
2021-11-08 19:58:48.961 INFO  (main) [   ] o.a.s.c.SolrPaths Using system property solr.solr.home: /Users/rdhyani/Desktop/mine/solr-8.9.0/server/solr
2021-11-08 19:58:48.962 INFO  (main) [   ] o.a.s.c.SolrXmlConfig Loading container configuration from /Users/rdhyani/Desktop/mine/solr-8.9.0/server/solr/solr.xml
2021-11-08 19:58:49.257 INFO  (main) [   ] o.a.s.c.SolrXmlConfig MBean server found: com.sun.jmx.mbeanserver.JmxMBeanServer@78aab498, but no JMX reporters were configured - adding default JMX reporter.
2021-11-08 19:58:50.920 INFO  (main) [   ] o.a.s.h.c.HttpShardHandlerFactory Host whitelist initialized: WhitelistHostChecker [whitelistHosts=null, whitelistHostCheckingEnabled=true]
2021-11-08 19:58:51.846 WARN  (main) [   ] o.e.j.u.s.S.config Trusting all certificates configured for Client@660e9100[provider=null,keyStore=null,trustStore=null]
2021-11-08 19:58:51.846 WARN  (main) [   ] o.e.j.u.s.S.config No Client EndPointIdentificationAlgorithm configured for Client@660e9100[provider=null,keyStore=null,trustStore=null]
2021-11-08 19:58:52.155 WARN  (main) [   ] o.e.j.u.s.S.config Trusting all certificates configured for Client@1dfd5f51[provider=null,keyStore=null,trustStore=null]
2021-11-08 19:58:52.156 WARN  (main) [   ] o.e.j.u.s.S.config No Client EndPointIdentificationAlgorithm configured for Client@1dfd5f51[provider=null,keyStore=null,trustStore=null]
2021-11-08 19:58:52.262 WARN  (main) [   ] o.a.s.c.CoreContainer Not all security plugins configured!  authentication=disabled authorization=disabled.  Solr is only as secure as you make it. Consider configuring authentication/authorization before exposing Solr to users internal or external.  See https://s.apache.org/solrsecurity for more info
2021-11-08 19:58:52.697 INFO  (main) [   ] o.a.s.c.TransientSolrCoreCacheDefault Allocating transient cache for 2147483647 transient cores
2021-11-08 19:58:52.700 INFO  (main) [   ] o.a.s.h.a.MetricsHistoryHandler No .system collection, keeping metrics history in memory.
2021-11-08 19:58:52.708 WARN  (main) [   ] o.a.s.D.o.a.s.h.a.MetricsCollectorHandler Solr loaded a deprecated plugin/analysis class [org.apache.solr.handler.admin.MetricsCollectorHandler]. Please consult documentation how to replace it accordingly.
2021-11-08 19:58:52.892 INFO  (main) [   ] o.a.s.m.r.SolrJmxReporter JMX monitoring for 'solr.node' (registry 'solr.node') enabled at server: com.sun.jmx.mbeanserver.JmxMBeanServer@78aab498
2021-11-08 19:58:52.893 INFO  (main) [   ] o.a.s.m.r.SolrJmxReporter JMX monitoring for 'solr.jvm' (registry 'solr.jvm') enabled at server: com.sun.jmx.mbeanserver.JmxMBeanServer@78aab498
2021-11-08 19:58:52.903 INFO  (main) [   ] o.a.s.m.r.SolrJmxReporter JMX monitoring for 'solr.jetty' (registry 'solr.jetty') enabled at server: com.sun.jmx.mbeanserver.JmxMBeanServer@78aab498
2021-11-08 19:58:52.995 INFO  (main) [   ] o.a.s.c.CorePropertiesLocator Found 11 core definitions underneath /Users/rdhyani/Desktop/mine/solr-8.9.0/server/solr
2021-11-08 19:58:52.996 INFO  (main) [   ] o.a.s.c.CorePropertiesLocator Cores are: [like, msgProtocol, content, ReplyLikeHelpfulAnalytic, reply, apiKey, Solr_sample, review, users, helpFull, analytic]
2021-11-08 19:58:53.076 WARN  (coreLoadExecutor-13-thread-1) [   x:like] o.a.s.c.SolrConfig You should not use LATEST as luceneMatchVersion property: if you use this setting, and then Solr upgrades to a newer release of Lucene, sizable changes may happen. If precise back compatibility is important then you should instead explicitly specify an actual Lucene version.
2021-11-08 19:58:53.076 INFO  (coreLoadExecutor-13-thread-2) [   x:msgProtocol] o.a.s.c.SolrConfig Using Lucene MatchVersion: 8.9.0
2021-11-08 19:58:53.076 INFO  (coreLoadExecutor-13-thread-1) [   x:like] o.a.s.c.SolrConfig Using Lucene MatchVersion: 8.9.0
2021-11-08 19:58:53.094 INFO  (coreLoadExecutor-13-thread-3) [   x:content] o.a.s.c.SolrConfig Using Lucene MatchVersion: 8.9.0
2021-11-08 19:58:53.162 WARN  (coreLoadExecutor-13-thread-3) [   x:content] o.a.s.c.SolrConfig solrconfig.xml: <jmx> is no longer supported, use solr.xml:/metrics/reporter section instead
2021-11-08 19:58:53.219 INFO  (coreLoadExecutor-13-thread-1) [   x:like] o.a.s.s.IndexSchema Schema name=test
2021-11-08 19:58:53.225 INFO  (coreLoadExecutor-13-thread-2) [   x:msgProtocol] o.a.s.s.IndexSchema Schema name=test
2021-11-08 19:58:53.269 INFO  (coreLoadExecutor-13-thread-3) [   x:content] o.a.s.s.IndexSchema Schema name=default-config
2021-11-08 19:58:53.292 WARN  (coreLoadExecutor-13-thread-2) [   x:msgProtocol] o.a.s.D.s.TrieDateField Solr loaded a deprecated plugin/analysis class [solr.TrieDateField]. Please consult documentation how to replace it accordingly.
2021-11-08 19:58:53.359 INFO  (main) [   ] o.e.j.s.h.ContextHandler Started o.e.j.w.WebAppContext@6c1a5b54{/solr,file:///Users/rdhyani/Desktop/mine/solr-8.9.0/server/solr-webapp/webapp/,AVAILABLE}{/Users/rdhyani/Desktop/mine/solr-8.9.0/server/solr-webapp/webapp}
2021-11-08 19:58:53.416 INFO  (main) [   ] o.e.j.s.AbstractConnector Started ServerConnector@3541cb24{HTTP/1.1, (http/1.1, h2c)}{0.0.0.0:8983}
2021-11-08 19:58:53.416 INFO  (main) [   ] o.e.j.s.Server Started @9089ms
2021-11-08 19:58:53.478 INFO  (coreLoadExecutor-13-thread-2) [   x:msgProtocol] o.a.s.s.IndexSchema Loaded schema test/1.6 with uniqueid field ID
2021-11-08 19:58:53.478 INFO  (coreLoadExecutor-13-thread-1) [   x:like] o.a.s.s.IndexSchema Loaded schema test/1.6 with uniqueid field likeId
2021-11-08 19:58:53.478 INFO  (coreLoadExecutor-13-thread-1) [   x:like] o.a.s.c.CoreContainer Creating SolrCore 'like' using configuration from instancedir /Users/rdhyani/Desktop/mine/solr-8.9.0/server/solr/like, trusted=true
2021-11-08 19:58:53.478 INFO  (coreLoadExecutor-13-thread-2) [   x:msgProtocol] o.a.s.c.CoreContainer Creating SolrCore 'msgProtocol' using configuration from instancedir /Users/rdhyani/Desktop/mine/solr-8.9.0/server/solr/msgProtocol, trusted=true
2021-11-08 19:58:53.532 INFO  (coreLoadExecutor-13-thread-1) [   x:like] o.a.s.m.r.SolrJmxReporter JMX monitoring for 'solr.core.like' (registry 'solr.core.like') enabled at server: com.sun.jmx.mbeanserver.JmxMBeanServer@78aab498
2021-11-08 19:58:53.547 INFO  (coreLoadExecutor-13-thread-2) [   x:msgProtocol] o.a.s.m.r.SolrJmxReporter JMX monitoring for 'solr.core.msgProtocol' (registry 'solr.core.msgProtocol') enabled at server: com.sun.jmx.mbeanserver.JmxMBeanServer@78aab498
2021-11-08 19:58:53.594 INFO  (coreLoadExecutor-13-thread-1) [   x:like] o.a.s.c.SolrCore [[like] ] Opening new SolrCore at [/Users/rdhyani/Desktop/mine/solr-8.9.0/server/solr/like], dataDir=[/Users/rdhyani/Desktop/mine/solr-8.9.0/server/solr/like/data/]
2021-11-08 19:58:53.595 INFO  (coreLoadExecutor-13-thread-2) [   x:msgProtocol] o.a.s.c.SolrCore [[msgProtocol] ] Opening new SolrCore at [/Users/rdhyani/Desktop/mine/solr-8.9.0/server/solr/msgProtocol], dataDir=[/Users/rdhyani/Desktop/mine/solr-8.9.0/server/solr/msgProtocol/data/]
2021-11-08 19:58:54.190 INFO  (coreLoadExecutor-13-thread-3) [   x:content] o.a.s.s.IndexSchema Loaded schema default-config/1.6 with uniqueid field id
2021-11-08 19:58:54.339 INFO  (coreLoadExecutor-13-thread-3) [   x:content] o.a.s.c.CoreContainer Creating SolrCore 'content' using configuration from instancedir /Users/rdhyani/Desktop/mine/solr-8.9.0/server/solr/content, trusted=true
2021-11-08 19:58:54.340 INFO  (coreLoadExecutor-13-thread-3) [   x:content] o.a.s.m.r.SolrJmxReporter JMX monitoring for 'solr.core.content' (registry 'solr.core.content') enabled at server: com.sun.jmx.mbeanserver.JmxMBeanServer@78aab498
2021-11-08 19:58:54.353 INFO  (coreLoadExecutor-13-thread-3) [   x:content] o.a.s.c.SolrCore [[content] ] Opening new SolrCore at [/Users/rdhyani/Desktop/mine/solr-8.9.0/server/solr/content], dataDir=[/Users/rdhyani/Desktop/mine/solr-8.9.0/server/solr/content/data/]
2021-11-08 19:58:54.689 WARN  (coreLoadExecutor-13-thread-1) [   x:like] o.a.s.D.s.StandardRequestHandler Solr loaded a deprecated plugin/analysis class [solr.StandardRequestHandler]. Please consult documentation how to replace it accordingly.
2021-11-08 19:58:54.734 INFO  (coreLoadExecutor-13-thread-2) [   x:msgProtocol] o.a.s.u.CommitTracker Hard AutoCommit: disabled
2021-11-08 19:58:54.734 INFO  (coreLoadExecutor-13-thread-1) [   x:like] o.a.s.u.CommitTracker Hard AutoCommit: disabled
2021-11-08 19:58:54.735 INFO  (coreLoadExecutor-13-thread-1) [   x:like] o.a.s.u.CommitTracker Soft AutoCommit: disabled
2021-11-08 19:58:54.735 INFO  (coreLoadExecutor-13-thread-2) [   x:msgProtocol] o.a.s.u.CommitTracker Soft AutoCommit: disabled
2021-11-08 19:58:55.053 INFO  (coreLoadExecutor-13-thread-3) [   x:content] o.a.s.u.UpdateHandler Using UpdateLog implementation: org.apache.solr.update.UpdateLog
2021-11-08 19:58:55.053 INFO  (coreLoadExecutor-13-thread-3) [   x:content] o.a.s.u.UpdateLog Initializing UpdateLog: dataDir= defaultSyncLevel=FLUSH numRecordsToKeep=100 maxNumLogsToKeep=10 numVersionBuckets=65536
2021-11-08 19:58:55.066 INFO  (coreLoadExecutor-13-thread-1) [   x:like] o.a.s.r.ManagedResourceStorage File-based storage initialized to use dir: /Users/rdhyani/Desktop/mine/solr-8.9.0/server/solr/like/conf
2021-11-08 19:58:55.066 INFO  (coreLoadExecutor-13-thread-2) [   x:msgProtocol] o.a.s.r.ManagedResourceStorage File-based storage initialized to use dir: /Users/rdhyani/Desktop/mine/solr-8.9.0/server/solr/msgProtocol/conf
2021-11-08 19:58:55.075 INFO  (coreLoadExecutor-13-thread-3) [   x:content] o.a.s.u.CommitTracker Hard AutoCommit: if uncommitted for 15000ms; 
2021-11-08 19:58:55.083 INFO  (coreLoadExecutor-13-thread-3) [   x:content] o.a.s.u.CommitTracker Soft AutoCommit: disabled
2021-11-08 19:58:55.090 INFO  (coreLoadExecutor-13-thread-2) [   x:msgProtocol] o.a.s.h.ReplicationHandler Commits will be reserved for 10000 ms
2021-11-08 19:58:55.097 INFO  (coreLoadExecutor-13-thread-2) [   x:ReplyLikeHelpfulAnalytic] o.a.s.c.SolrConfig Using Lucene MatchVersion: 8.9.0
2021-11-08 19:58:55.099 INFO  (searcherExecutor-17-thread-1-processing-x:msgProtocol) [   x:msgProtocol] o.a.s.c.SolrCore [msgProtocol]  Registered new searcher autowarm time: 0 ms
2021-11-08 19:58:55.101 INFO  (coreLoadExecutor-13-thread-2) [   x:ReplyLikeHelpfulAnalytic] o.a.s.s.IndexSchema Schema name=test
2021-11-08 19:58:55.102 INFO  (coreLoadExecutor-13-thread-2) [   x:ReplyLikeHelpfulAnalytic] o.a.s.s.IndexSchema Loaded schema test/1.6 with uniqueid field Id
2021-11-08 19:58:55.102 INFO  (coreLoadExecutor-13-thread-2) [   x:ReplyLikeHelpfulAnalytic] o.a.s.c.CoreContainer Creating SolrCore 'ReplyLikeHelpfulAnalytic' using configuration from instancedir /Users/rdhyani/Desktop/mine/solr-8.9.0/server/solr/ReplyLikeHelpfulAnalytic, trusted=true
2021-11-08 19:58:55.103 INFO  (coreLoadExecutor-13-thread-2) [   x:ReplyLikeHelpfulAnalytic] o.a.s.m.r.SolrJmxReporter JMX monitoring for 'solr.core.ReplyLikeHelpfulAnalytic' (registry 'solr.core.ReplyLikeHelpfulAnalytic') enabled at server: com.sun.jmx.mbeanserver.JmxMBeanServer@78aab498
2021-11-08 19:58:55.103 INFO  (coreLoadExecutor-13-thread-2) [   x:ReplyLikeHelpfulAnalytic] o.a.s.c.SolrCore [[ReplyLikeHelpfulAnalytic] ] Opening new SolrCore at [/Users/rdhyani/Desktop/mine/solr-8.9.0/server/solr/ReplyLikeHelpfulAnalytic], dataDir=[/Users/rdhyani/Desktop/mine/solr-8.9.0/server/solr/ReplyLikeHelpfulAnalytic/data/]
2021-11-08 19:58:55.109 INFO  (coreLoadExecutor-13-thread-1) [   x:like] o.a.s.h.ReplicationHandler Commits will be reserved for 10000 ms
2021-11-08 19:58:55.113 INFO  (searcherExecutor-15-thread-1-processing-x:like) [   x:like] o.a.s.c.SolrCore [like]  Registered new searcher autowarm time: 0 ms
2021-11-08 19:58:55.118 INFO  (coreLoadExecutor-13-thread-1) [   x:reply] o.a.s.c.SolrConfig Using Lucene MatchVersion: 8.9.0
2021-11-08 19:58:55.125 INFO  (coreLoadExecutor-13-thread-1) [   x:reply] o.a.s.s.IndexSchema Schema name=test
2021-11-08 19:58:55.127 INFO  (coreLoadExecutor-13-thread-1) [   x:reply] o.a.s.s.IndexSchema Loaded schema test/1.6 with uniqueid field ID
2021-11-08 19:58:55.127 INFO  (coreLoadExecutor-13-thread-1) [   x:reply] o.a.s.c.CoreContainer Creating SolrCore 'reply' using configuration from instancedir /Users/rdhyani/Desktop/mine/solr-8.9.0/server/solr/reply, trusted=true
2021-11-08 19:58:55.128 INFO  (coreLoadExecutor-13-thread-1) [   x:reply] o.a.s.m.r.SolrJmxReporter JMX monitoring for 'solr.core.reply' (registry 'solr.core.reply') enabled at server: com.sun.jmx.mbeanserver.JmxMBeanServer@78aab498
2021-11-08 19:58:55.128 INFO  (coreLoadExecutor-13-thread-1) [   x:reply] o.a.s.c.SolrCore [[reply] ] Opening new SolrCore at [/Users/rdhyani/Desktop/mine/solr-8.9.0/server/solr/reply], dataDir=[/Users/rdhyani/Desktop/mine/solr-8.9.0/server/solr/reply/data/]
2021-11-08 19:58:55.200 INFO  (coreLoadExecutor-13-thread-2) [   x:ReplyLikeHelpfulAnalytic] o.a.s.u.CommitTracker Hard AutoCommit: disabled
2021-11-08 19:58:55.200 INFO  (coreLoadExecutor-13-thread-2) [   x:ReplyLikeHelpfulAnalytic] o.a.s.u.CommitTracker Soft AutoCommit: disabled
2021-11-08 19:58:55.203 INFO  (coreLoadExecutor-13-thread-3) [   x:content] o.a.s.r.ManagedResourceStorage File-based storage initialized to use dir: /Users/rdhyani/Desktop/mine/solr-8.9.0/server/solr/content/conf
2021-11-08 19:58:55.204 INFO  (coreLoadExecutor-13-thread-3) [   x:content] o.a.s.h.c.SpellCheckComponent Initializing spell checkers
2021-11-08 19:58:55.225 INFO  (coreLoadExecutor-13-thread-2) [   x:ReplyLikeHelpfulAnalytic] o.a.s.r.ManagedResourceStorage File-based storage initialized to use dir: /Users/rdhyani/Desktop/mine/solr-8.9.0/server/solr/ReplyLikeHelpfulAnalytic/conf
2021-11-08 19:58:55.226 INFO  (coreLoadExecutor-13-thread-2) [   x:ReplyLikeHelpfulAnalytic] o.a.s.h.ReplicationHandler Commits will be reserved for 10000 ms
2021-11-08 19:58:55.228 INFO  (searcherExecutor-31-thread-1-processing-x:ReplyLikeHelpfulAnalytic) [   x:ReplyLikeHelpfulAnalytic] o.a.s.c.SolrCore [ReplyLikeHelpfulAnalytic]  Registered new searcher autowarm time: 0 ms
2021-11-08 19:58:55.261 INFO  (coreLoadExecutor-13-thread-2) [   x:apiKey] o.a.s.c.SolrConfig Using Lucene MatchVersion: 8.9.0
2021-11-08 19:58:55.262 INFO  (coreLoadExecutor-13-thread-3) [   x:content] o.a.s.s.DirectSolrSpellChecker init: {name=default,field=_text_,classname=solr.DirectSolrSpellChecker,distanceMeasure=internal,accuracy=0.5,maxQueryFrequency=0.01,maxEdits=2,minPrefix=1,maxInspections=5,minQueryLength=4}
2021-11-08 19:58:55.262 WARN  (coreLoadExecutor-13-thread-2) [   x:apiKey] o.a.s.s.ManagedIndexSchemaFactory The schema has been upgraded to managed, but the non-managed schema schema.xml is still loadable.  PLEASE REMOVE THIS FILE.
2021-11-08 19:58:55.269 INFO  (coreLoadExecutor-13-thread-2) [   x:apiKey] o.a.s.s.IndexSchema Schema name=test
2021-11-08 19:58:55.270 INFO  (coreLoadExecutor-13-thread-2) [   x:apiKey] o.a.s.s.IndexSchema Loaded schema test/1.6 with uniqueid field ID
2021-11-08 19:58:55.270 INFO  (coreLoadExecutor-13-thread-2) [   x:apiKey] o.a.s.c.CoreContainer Creating SolrCore 'apiKey' using configuration from instancedir /Users/rdhyani/Desktop/mine/solr-8.9.0/server/solr/apiKey, trusted=true
2021-11-08 19:58:55.271 INFO  (coreLoadExecutor-13-thread-2) [   x:apiKey] o.a.s.m.r.SolrJmxReporter JMX monitoring for 'solr.core.apiKey' (registry 'solr.core.apiKey') enabled at server: com.sun.jmx.mbeanserver.JmxMBeanServer@78aab498
2021-11-08 19:58:55.271 INFO  (coreLoadExecutor-13-thread-2) [   x:apiKey] o.a.s.c.SolrCore [[apiKey] ] Opening new SolrCore at [/Users/rdhyani/Desktop/mine/solr-8.9.0/server/solr/apiKey], dataDir=[/Users/rdhyani/Desktop/mine/solr-8.9.0/server/solr/apiKey/data/]
2021-11-08 19:58:55.272 INFO  (coreLoadExecutor-13-thread-1) [   x:reply] o.a.s.u.CommitTracker Hard AutoCommit: disabled
2021-11-08 19:58:55.272 INFO  (coreLoadExecutor-13-thread-1) [   x:reply] o.a.s.u.CommitTracker Soft AutoCommit: disabled
2021-11-08 19:58:55.288 INFO  (coreLoadExecutor-13-thread-3) [   x:content] o.a.s.h.ReplicationHandler Commits will be reserved for 10000 ms
2021-11-08 19:58:55.295 INFO  (coreLoadExecutor-13-thread-1) [   x:reply] o.a.s.r.ManagedResourceStorage File-based storage initialized to use dir: /Users/rdhyani/Desktop/mine/solr-8.9.0/server/solr/reply/conf
2021-11-08 19:58:55.295 INFO  (coreLoadExecutor-13-thread-3) [   x:content] o.a.s.u.UpdateLog Could not find max version in index or recent updates, using new clock 1715891376273489920
2021-11-08 19:58:55.296 INFO  (coreLoadExecutor-13-thread-1) [   x:reply] o.a.s.h.ReplicationHandler Commits will be reserved for 10000 ms
2021-11-08 19:58:55.298 INFO  (searcherExecutor-33-thread-1-processing-x:reply) [   x:reply] o.a.s.c.SolrCore [reply]  Registered new searcher autowarm time: 0 ms
2021-11-08 19:58:55.301 INFO  (searcherExecutor-21-thread-1-processing-x:content) [   x:content] o.a.s.c.QuerySenderListener QuerySenderListener done.
2021-11-08 19:58:55.301 INFO  (searcherExecutor-21-thread-1-processing-x:content) [   x:content] o.a.s.h.c.SpellCheckComponent Loading spell index for spellchecker: default
2021-11-08 19:58:55.306 INFO  (searcherExecutor-21-thread-1-processing-x:content) [   x:content] o.a.s.c.SolrCore [content]  Registered new searcher autowarm time: 0 ms
2021-11-08 19:58:55.307 INFO  (coreLoadExecutor-13-thread-3) [   x:review] o.a.s.c.SolrConfig Using Lucene MatchVersion: 8.9.0
2021-11-08 19:58:55.308 WARN  (coreLoadExecutor-13-thread-3) [   x:review] o.a.s.s.ManagedIndexSchemaFactory The schema has been upgraded to managed, but the non-managed schema schema.xml is still loadable.  PLEASE REMOVE THIS FILE.
2021-11-08 19:58:55.308 INFO  (coreLoadExecutor-13-thread-1) [   x:Solr_sample] o.a.s.c.SolrConfig Using Lucene MatchVersion: 8.9.0
2021-11-08 19:58:55.309 WARN  (coreLoadExecutor-13-thread-1) [   x:Solr_sample] o.a.s.c.SolrConfig solrconfig.xml: <jmx> is no longer supported, use solr.xml:/metrics/reporter section instead
2021-11-08 19:58:55.311 INFO  (coreLoadExecutor-13-thread-3) [   x:review] o.a.s.s.IndexSchema Schema name=test
2021-11-08 19:58:55.312 INFO  (coreLoadExecutor-13-thread-3) [   x:review] o.a.s.s.IndexSchema Loaded schema test/1.6 with uniqueid field ID
2021-11-08 19:58:55.312 INFO  (coreLoadExecutor-13-thread-3) [   x:review] o.a.s.c.CoreContainer Creating SolrCore 'review' using configuration from instancedir /Users/rdhyani/Desktop/mine/solr-8.9.0/server/solr/review, trusted=true
2021-11-08 19:58:55.313 INFO  (coreLoadExecutor-13-thread-3) [   x:review] o.a.s.m.r.SolrJmxReporter JMX monitoring for 'solr.core.review' (registry 'solr.core.review') enabled at server: com.sun.jmx.mbeanserver.JmxMBeanServer@78aab498
2021-11-08 19:58:55.313 INFO  (coreLoadExecutor-13-thread-3) [   x:review] o.a.s.c.SolrCore [[review] ] Opening new SolrCore at [/Users/rdhyani/Desktop/mine/solr-8.9.0/server/solr/review], dataDir=[/Users/rdhyani/Desktop/mine/solr-8.9.0/server/solr/review/data/]
2021-11-08 19:58:55.324 INFO  (coreLoadExecutor-13-thread-1) [   x:Solr_sample] o.a.s.s.IndexSchema Schema name=default-config
2021-11-08 19:58:55.410 INFO  (coreLoadExecutor-13-thread-2) [   x:apiKey] o.a.s.u.CommitTracker Hard AutoCommit: disabled
2021-11-08 19:58:55.410 INFO  (coreLoadExecutor-13-thread-2) [   x:apiKey] o.a.s.u.CommitTracker Soft AutoCommit: disabled
2021-11-08 19:58:55.434 INFO  (coreLoadExecutor-13-thread-2) [   x:apiKey] o.a.s.r.ManagedResourceStorage File-based storage initialized to use dir: /Users/rdhyani/Desktop/mine/solr-8.9.0/server/solr/apiKey/conf
2021-11-08 19:58:55.435 INFO  (coreLoadExecutor-13-thread-2) [   x:apiKey] o.a.s.h.ReplicationHandler Commits will be reserved for 10000 ms
2021-11-08 19:58:55.446 INFO  (searcherExecutor-39-thread-1-processing-x:apiKey) [   x:apiKey] o.a.s.c.SolrCore [apiKey]  Registered new searcher autowarm time: 0 ms
2021-11-08 19:58:55.463 INFO  (coreLoadExecutor-13-thread-2) [   x:users] o.a.s.c.SolrConfig Using Lucene MatchVersion: 8.9.0
2021-11-08 19:58:55.464 WARN  (coreLoadExecutor-13-thread-2) [   x:users] o.a.s.s.ManagedIndexSchemaFactory The schema has been upgraded to managed, but the non-managed schema schema.xml is still loadable.  PLEASE REMOVE THIS FILE.
2021-11-08 19:58:55.467 INFO  (coreLoadExecutor-13-thread-2) [   x:users] o.a.s.s.IndexSchema Schema name=test
2021-11-08 19:58:55.468 INFO  (coreLoadExecutor-13-thread-2) [   x:users] o.a.s.s.IndexSchema Loaded schema test/1.6 with uniqueid field ID
2021-11-08 19:58:55.468 INFO  (coreLoadExecutor-13-thread-2) [   x:users] o.a.s.c.CoreContainer Creating SolrCore 'users' using configuration from instancedir /Users/rdhyani/Desktop/mine/solr-8.9.0/server/solr/users, trusted=true
2021-11-08 19:58:55.469 INFO  (coreLoadExecutor-13-thread-2) [   x:users] o.a.s.m.r.SolrJmxReporter JMX monitoring for 'solr.core.users' (registry 'solr.core.users') enabled at server: com.sun.jmx.mbeanserver.JmxMBeanServer@78aab498
2021-11-08 19:58:55.469 INFO  (coreLoadExecutor-13-thread-2) [   x:users] o.a.s.c.SolrCore [[users] ] Opening new SolrCore at [/Users/rdhyani/Desktop/mine/solr-8.9.0/server/solr/users], dataDir=[/Users/rdhyani/Desktop/mine/solr-8.9.0/server/solr/users/data/]
2021-11-08 19:58:55.514 INFO  (coreLoadExecutor-13-thread-1) [   x:Solr_sample] o.a.s.s.IndexSchema Loaded schema default-config/1.6 with uniqueid field id
2021-11-08 19:58:55.524 INFO  (coreLoadExecutor-13-thread-3) [   x:review] o.a.s.u.CommitTracker Hard AutoCommit: disabled
2021-11-08 19:58:55.524 INFO  (coreLoadExecutor-13-thread-3) [   x:review] o.a.s.u.CommitTracker Soft AutoCommit: disabled
2021-11-08 19:58:55.548 INFO  (coreLoadExecutor-13-thread-3) [   x:review] o.a.s.r.ManagedResourceStorage File-based storage initialized to use dir: /Users/rdhyani/Desktop/mine/solr-8.9.0/server/solr/review/conf
2021-11-08 19:58:55.548 INFO  (coreLoadExecutor-13-thread-3) [   x:review] o.a.s.h.ReplicationHandler Commits will be reserved for 10000 ms
2021-11-08 19:58:55.580 INFO  (searcherExecutor-43-thread-1-processing-x:review) [   x:review] o.a.s.c.SolrCore [review]  Registered new searcher autowarm time: 0 ms
2021-11-08 19:58:55.583 INFO  (coreLoadExecutor-13-thread-3) [   x:helpFull] o.a.s.c.SolrConfig Using Lucene MatchVersion: 8.9.0
2021-11-08 19:58:55.584 WARN  (coreLoadExecutor-13-thread-3) [   x:helpFull] o.a.s.s.ManagedIndexSchemaFactory The schema has been upgraded to managed, but the non-managed schema schema.xml is still loadable.  PLEASE REMOVE THIS FILE.
2021-11-08 19:58:55.586 INFO  (coreLoadExecutor-13-thread-3) [   x:helpFull] o.a.s.s.IndexSchema Schema name=test
2021-11-08 19:58:55.587 INFO  (coreLoadExecutor-13-thread-3) [   x:helpFull] o.a.s.s.IndexSchema Loaded schema test/1.6 with uniqueid field helpfulId
2021-11-08 19:58:55.587 INFO  (coreLoadExecutor-13-thread-3) [   x:helpFull] o.a.s.c.CoreContainer Creating SolrCore 'helpFull' using configuration from instancedir /Users/rdhyani/Desktop/mine/solr-8.9.0/server/solr/helpFull, trusted=true
2021-11-08 19:58:55.588 INFO  (coreLoadExecutor-13-thread-3) [   x:helpFull] o.a.s.m.r.SolrJmxReporter JMX monitoring for 'solr.core.helpFull' (registry 'solr.core.helpFull') enabled at server: com.sun.jmx.mbeanserver.JmxMBeanServer@78aab498
2021-11-08 19:58:55.588 INFO  (coreLoadExecutor-13-thread-3) [   x:helpFull] o.a.s.c.SolrCore [[helpFull] ] Opening new SolrCore at [/Users/rdhyani/Desktop/mine/solr-8.9.0/server/solr/helpFull], dataDir=[/Users/rdhyani/Desktop/mine/solr-8.9.0/server/solr/helpFull/data/]
2021-11-08 19:58:55.629 INFO  (coreLoadExecutor-13-thread-2) [   x:users] o.a.s.u.CommitTracker Hard AutoCommit: disabled
2021-11-08 19:58:55.629 INFO  (coreLoadExecutor-13-thread-2) [   x:users] o.a.s.u.CommitTracker Soft AutoCommit: disabled
2021-11-08 19:58:55.631 INFO  (coreLoadExecutor-13-thread-1) [   x:Solr_sample] o.a.s.c.CoreContainer Creating SolrCore 'Solr_sample' using configuration from instancedir /Users/rdhyani/Desktop/mine/solr-8.9.0/server/solr/Solr_sample, trusted=true
2021-11-08 19:58:55.632 INFO  (coreLoadExecutor-13-thread-1) [   x:Solr_sample] o.a.s.m.r.SolrJmxReporter JMX monitoring for 'solr.core.Solr_sample' (registry 'solr.core.Solr_sample') enabled at server: com.sun.jmx.mbeanserver.JmxMBeanServer@78aab498
2021-11-08 19:58:55.632 INFO  (coreLoadExecutor-13-thread-1) [   x:Solr_sample] o.a.s.c.SolrCore [[Solr_sample] ] Opening new SolrCore at [/Users/rdhyani/Desktop/mine/solr-8.9.0/server/solr/Solr_sample], dataDir=[/Users/rdhyani/Desktop/mine/solr-8.9.0/server/solr/Solr_sample/data/]
2021-11-08 19:58:55.653 INFO  (coreLoadExecutor-13-thread-2) [   x:users] o.a.s.r.ManagedResourceStorage File-based storage initialized to use dir: /Users/rdhyani/Desktop/mine/solr-8.9.0/server/solr/users/conf
2021-11-08 19:58:55.654 INFO  (coreLoadExecutor-13-thread-2) [   x:users] o.a.s.h.ReplicationHandler Commits will be reserved for 10000 ms
2021-11-08 19:58:55.656 INFO  (searcherExecutor-48-thread-1-processing-x:users) [   x:users] o.a.s.c.SolrCore [users]  Registered new searcher autowarm time: 0 ms
2021-11-08 19:58:55.658 INFO  (coreLoadExecutor-13-thread-2) [   x:analytic] o.a.s.c.SolrConfig Using Lucene MatchVersion: 8.9.0
2021-11-08 19:58:55.659 INFO  (coreLoadExecutor-13-thread-3) [   x:helpFull] o.a.s.u.CommitTracker Hard AutoCommit: disabled
2021-11-08 19:58:55.660 WARN  (coreLoadExecutor-13-thread-2) [   x:analytic] o.a.s.s.ManagedIndexSchemaFactory The schema has been upgraded to managed, but the non-managed schema schema.xml is still loadable.  PLEASE REMOVE THIS FILE.
2021-11-08 19:58:55.660 INFO  (coreLoadExecutor-13-thread-3) [   x:helpFull] o.a.s.u.CommitTracker Soft AutoCommit: disabled
2021-11-08 19:58:55.662 INFO  (coreLoadExecutor-13-thread-2) [   x:analytic] o.a.s.s.IndexSchema Schema name=test
2021-11-08 19:58:55.663 INFO  (coreLoadExecutor-13-thread-2) [   x:analytic] o.a.s.s.IndexSchema Loaded schema test/1.6 with uniqueid field reviewId
2021-11-08 19:58:55.663 INFO  (coreLoadExecutor-13-thread-2) [   x:analytic] o.a.s.c.CoreContainer Creating SolrCore 'analytic' using configuration from instancedir /Users/rdhyani/Desktop/mine/solr-8.9.0/server/solr/analytic, trusted=true
2021-11-08 19:58:55.664 INFO  (coreLoadExecutor-13-thread-2) [   x:analytic] o.a.s.m.r.SolrJmxReporter JMX monitoring for 'solr.core.analytic' (registry 'solr.core.analytic') enabled at server: com.sun.jmx.mbeanserver.JmxMBeanServer@78aab498
2021-11-08 19:58:55.664 INFO  (coreLoadExecutor-13-thread-2) [   x:analytic] o.a.s.c.SolrCore [[analytic] ] Opening new SolrCore at [/Users/rdhyani/Desktop/mine/solr-8.9.0/server/solr/analytic], dataDir=[/Users/rdhyani/Desktop/mine/solr-8.9.0/server/solr/analytic/data/]
2021-11-08 19:58:55.684 INFO  (coreLoadExecutor-13-thread-3) [   x:helpFull] o.a.s.r.ManagedResourceStorage File-based storage initialized to use dir: /Users/rdhyani/Desktop/mine/solr-8.9.0/server/solr/helpFull/conf
2021-11-08 19:58:55.685 INFO  (coreLoadExecutor-13-thread-3) [   x:helpFull] o.a.s.h.ReplicationHandler Commits will be reserved for 10000 ms
2021-11-08 19:58:55.706 INFO  (searcherExecutor-54-thread-1-processing-x:helpFull) [   x:helpFull] o.a.s.c.SolrCore [helpFull]  Registered new searcher autowarm time: 0 ms
2021-11-08 19:58:55.772 INFO  (coreLoadExecutor-13-thread-2) [   x:analytic] o.a.s.u.CommitTracker Hard AutoCommit: disabled
2021-11-08 19:58:55.772 INFO  (coreLoadExecutor-13-thread-2) [   x:analytic] o.a.s.u.CommitTracker Soft AutoCommit: disabled
2021-11-08 19:58:55.797 INFO  (coreLoadExecutor-13-thread-2) [   x:analytic] o.a.s.r.ManagedResourceStorage File-based storage initialized to use dir: /Users/rdhyani/Desktop/mine/solr-8.9.0/server/solr/analytic/conf
2021-11-08 19:58:55.798 INFO  (coreLoadExecutor-13-thread-2) [   x:analytic] o.a.s.h.ReplicationHandler Commits will be reserved for 10000 ms
2021-11-08 19:58:55.800 INFO  (searcherExecutor-63-thread-1-processing-x:analytic) [   x:analytic] o.a.s.c.SolrCore [analytic]  Registered new searcher autowarm time: 0 ms
2021-11-08 19:58:55.893 INFO  (coreLoadExecutor-13-thread-1) [   x:Solr_sample] o.a.s.u.UpdateHandler Using UpdateLog implementation: org.apache.solr.update.UpdateLog
2021-11-08 19:58:55.894 INFO  (coreLoadExecutor-13-thread-1) [   x:Solr_sample] o.a.s.u.UpdateLog Initializing UpdateLog: dataDir= defaultSyncLevel=FLUSH numRecordsToKeep=100 maxNumLogsToKeep=10 numVersionBuckets=65536
2021-11-08 19:58:55.896 INFO  (coreLoadExecutor-13-thread-1) [   x:Solr_sample] o.a.s.u.CommitTracker Hard AutoCommit: if uncommitted for 15000ms; 
2021-11-08 19:58:55.896 INFO  (coreLoadExecutor-13-thread-1) [   x:Solr_sample] o.a.s.u.CommitTracker Soft AutoCommit: disabled
2021-11-08 19:58:55.926 INFO  (coreLoadExecutor-13-thread-1) [   x:Solr_sample] o.a.s.r.ManagedResourceStorage File-based storage initialized to use dir: /Users/rdhyani/Desktop/mine/solr-8.9.0/server/solr/Solr_sample/conf
2021-11-08 19:58:55.926 INFO  (coreLoadExecutor-13-thread-1) [   x:Solr_sample] o.a.s.h.c.SpellCheckComponent Initializing spell checkers
2021-11-08 19:58:55.926 INFO  (coreLoadExecutor-13-thread-1) [   x:Solr_sample] o.a.s.s.DirectSolrSpellChecker init: {name=default,field=_text_,classname=solr.DirectSolrSpellChecker,distanceMeasure=internal,accuracy=0.5,maxQueryFrequency=0.01,maxEdits=2,minPrefix=1,maxInspections=5,minQueryLength=4}
2021-11-08 19:58:55.928 INFO  (coreLoadExecutor-13-thread-1) [   x:Solr_sample] o.a.s.h.ReplicationHandler Commits will be reserved for 10000 ms
2021-11-08 19:58:55.928 INFO  (coreLoadExecutor-13-thread-1) [   x:Solr_sample] o.a.s.u.UpdateLog Could not find max version in index or recent updates, using new clock 1715891376937238528
2021-11-08 19:58:55.930 INFO  (searcherExecutor-58-thread-1-processing-x:Solr_sample) [   x:Solr_sample] o.a.s.c.QuerySenderListener QuerySenderListener done.
2021-11-08 19:58:55.930 INFO  (searcherExecutor-58-thread-1-processing-x:Solr_sample) [   x:Solr_sample] o.a.s.h.c.SpellCheckComponent Loading spell index for spellchecker: default
2021-11-08 19:58:55.932 INFO  (searcherExecutor-58-thread-1-processing-x:Solr_sample) [   x:Solr_sample] o.a.s.c.SolrCore [Solr_sample]  Registered new searcher autowarm time: 0 ms
2021-11-08 19:59:02.145 INFO  (ShutdownMonitor) [   ] o.e.j.s.AbstractConnector Stopped ServerConnector@3541cb24{HTTP/1.1, (http/1.1, h2c)}{0.0.0.0:8983}
2021-11-08 19:59:02.146 INFO  (ShutdownMonitor) [   ] o.e.j.s.session node0 Stopped scavenging
2021-11-08 19:59:02.149 INFO  (ShutdownMonitor) [   ] o.a.s.c.CoreContainer Shutting down CoreContainer instance=243575009
2021-11-08 19:59:02.151 INFO  (coreCloseExecutor-72-thread-2) [   ] o.a.s.c.SolrCore [like]  CLOSING SolrCore org.apache.solr.core.SolrCore@646bf925
2021-11-08 19:59:02.151 INFO  (coreCloseExecutor-72-thread-1) [   ] o.a.s.c.SolrCore [msgProtocol]  CLOSING SolrCore org.apache.solr.core.SolrCore@4e019701
2021-11-08 19:59:02.151 INFO  (coreCloseExecutor-72-thread-1) [   ] o.a.s.m.SolrMetricManager Closing metric reporters for registry=solr.core.msgProtocol tag=SolrCore@4e019701
2021-11-08 19:59:02.151 INFO  (coreCloseExecutor-72-thread-3) [   ] o.a.s.c.SolrCore [ReplyLikeHelpfulAnalytic]  CLOSING SolrCore org.apache.solr.core.SolrCore@2401d4a3
2021-11-08 19:59:02.151 INFO  (coreCloseExecutor-72-thread-4) [   ] o.a.s.c.SolrCore [reply]  CLOSING SolrCore org.apache.solr.core.SolrCore@6627a69a
2021-11-08 19:59:02.151 INFO  (coreCloseExecutor-72-thread-1) [   ] o.a.s.m.r.SolrJmxReporter Closing reporter [org.apache.solr.metrics.reporters.SolrJmxReporter@58467d84: rootName = null, domain = solr.core.msgProtocol, service url = null, agent id = null] for registry solr.core.msgProtocol/com.codahale.metrics.MetricRegistry@7c8ad38c
2021-11-08 19:59:02.152 INFO  (coreCloseExecutor-72-thread-5) [   ] o.a.s.c.SolrCore [content]  CLOSING SolrCore org.apache.solr.core.SolrCore@420f78a3
2021-11-08 19:59:02.153 INFO  (coreCloseExecutor-72-thread-6) [   ] o.a.s.c.SolrCore [apiKey]  CLOSING SolrCore org.apache.solr.core.SolrCore@c63dd80
2021-11-08 19:59:02.154 INFO  (coreCloseExecutor-72-thread-7) [   ] o.a.s.c.SolrCore [review]  CLOSING SolrCore org.apache.solr.core.SolrCore@18453ac
2021-11-08 19:59:02.154 INFO  (coreCloseExecutor-72-thread-8) [   ] o.a.s.c.SolrCore [users]  CLOSING SolrCore org.apache.solr.core.SolrCore@3f37e796
2021-11-08 19:59:02.156 INFO  (coreCloseExecutor-72-thread-9) [   ] o.a.s.c.SolrCore [helpFull]  CLOSING SolrCore org.apache.solr.core.SolrCore@5029e284
2021-11-08 19:59:02.156 INFO  (coreCloseExecutor-72-thread-10) [   ] o.a.s.c.SolrCore [analytic]  CLOSING SolrCore org.apache.solr.core.SolrCore@47486374
2021-11-08 19:59:02.158 INFO  (coreCloseExecutor-72-thread-11) [   ] o.a.s.c.SolrCore [Solr_sample]  CLOSING SolrCore org.apache.solr.core.SolrCore@1fd5f0f8
2021-11-08 19:59:02.170 INFO  (coreCloseExecutor-72-thread-3) [   ] o.a.s.m.SolrMetricManager Closing metric reporters for registry=solr.core.ReplyLikeHelpfulAnalytic tag=SolrCore@2401d4a3
2021-11-08 19:59:02.171 INFO  (coreCloseExecutor-72-thread-3) [   ] o.a.s.m.r.SolrJmxReporter Closing reporter [org.apache.solr.metrics.reporters.SolrJmxReporter@1be744e6: rootName = null, domain = solr.core.ReplyLikeHelpfulAnalytic, service url = null, agent id = null] for registry solr.core.ReplyLikeHelpfulAnalytic/com.codahale.metrics.MetricRegistry@230087a5
2021-11-08 19:59:02.181 INFO  (coreCloseExecutor-72-thread-4) [   ] o.a.s.m.SolrMetricManager Closing metric reporters for registry=solr.core.reply tag=SolrCore@6627a69a
2021-11-08 19:59:02.181 INFO  (coreCloseExecutor-72-thread-4) [   ] o.a.s.m.r.SolrJmxReporter Closing reporter [org.apache.solr.metrics.reporters.SolrJmxReporter@249b757a: rootName = null, domain = solr.core.reply, service url = null, agent id = null] for registry solr.core.reply/com.codahale.metrics.MetricRegistry@1ac31baf
2021-11-08 19:59:02.185 INFO  (coreCloseExecutor-72-thread-3) [   ] o.a.s.u.DirectUpdateHandler2 Committing on IndexWriter.close()  ... SKIPPED (unnecessary).
2021-11-08 19:59:02.186 INFO  (coreCloseExecutor-72-thread-1) [   ] o.a.s.u.DirectUpdateHandler2 Committing on IndexWriter.close()  ... SKIPPED (unnecessary).
2021-11-08 19:59:02.194 INFO  (coreCloseExecutor-72-thread-2) [   ] o.a.s.m.SolrMetricManager Closing metric reporters for registry=solr.core.like tag=SolrCore@646bf925
2021-11-08 19:59:02.194 INFO  (coreCloseExecutor-72-thread-2) [   ] o.a.s.m.r.SolrJmxReporter Closing reporter [org.apache.solr.metrics.reporters.SolrJmxReporter@6ba1edad: rootName = null, domain = solr.core.like, service url = null, agent id = null] for registry solr.core.like/com.codahale.metrics.MetricRegistry@79e2cc7a
2021-11-08 19:59:02.198 INFO  (coreCloseExecutor-72-thread-4) [   ] o.a.s.u.DirectUpdateHandler2 Committing on IndexWriter.close()  ... SKIPPED (unnecessary).
2021-11-08 19:59:02.206 INFO  (coreCloseExecutor-72-thread-5) [   ] o.a.s.m.SolrMetricManager Closing metric reporters for registry=solr.core.content tag=SolrCore@420f78a3
2021-11-08 19:59:02.206 INFO  (coreCloseExecutor-72-thread-5) [   ] o.a.s.m.r.SolrJmxReporter Closing reporter [org.apache.solr.metrics.reporters.SolrJmxReporter@4bbafcb7: rootName = null, domain = solr.core.content, service url = null, agent id = null] for registry solr.core.content/com.codahale.metrics.MetricRegistry@5dfb8c85
2021-11-08 19:59:02.208 INFO  (coreCloseExecutor-72-thread-2) [   ] o.a.s.u.DirectUpdateHandler2 Committing on IndexWriter.close()  ... SKIPPED (unnecessary).
2021-11-08 19:59:02.216 INFO  (coreCloseExecutor-72-thread-6) [   ] o.a.s.m.SolrMetricManager Closing metric reporters for registry=solr.core.apiKey tag=SolrCore@c63dd80
2021-11-08 19:59:02.216 INFO  (coreCloseExecutor-72-thread-6) [   ] o.a.s.m.r.SolrJmxReporter Closing reporter [org.apache.solr.metrics.reporters.SolrJmxReporter@5be42b5d: rootName = null, domain = solr.core.apiKey, service url = null, agent id = null] for registry solr.core.apiKey/com.codahale.metrics.MetricRegistry@1642cc37
2021-11-08 19:59:02.218 INFO  (coreCloseExecutor-72-thread-5) [   ] o.a.s.u.DirectUpdateHandler2 Committing on IndexWriter.close()  ... SKIPPED (unnecessary).
2021-11-08 19:59:02.224 INFO  (coreCloseExecutor-72-thread-7) [   ] o.a.s.m.SolrMetricManager Closing metric reporters for registry=solr.core.review tag=SolrCore@18453ac
2021-11-08 19:59:02.224 INFO  (coreCloseExecutor-72-thread-7) [   ] o.a.s.m.r.SolrJmxReporter Closing reporter [org.apache.solr.metrics.reporters.SolrJmxReporter@ccb653d: rootName = null, domain = solr.core.review, service url = null, agent id = null] for registry solr.core.review/com.codahale.metrics.MetricRegistry@388c76a1
2021-11-08 19:59:02.227 INFO  (coreCloseExecutor-72-thread-6) [   ] o.a.s.u.DirectUpdateHandler2 Committing on IndexWriter.close()  ... SKIPPED (unnecessary).
2021-11-08 19:59:02.233 INFO  (coreCloseExecutor-72-thread-8) [   ] o.a.s.m.SolrMetricManager Closing metric reporters for registry=solr.core.users tag=SolrCore@3f37e796
2021-11-08 19:59:02.233 INFO  (coreCloseExecutor-72-thread-8) [   ] o.a.s.m.r.SolrJmxReporter Closing reporter [org.apache.solr.metrics.reporters.SolrJmxReporter@33c74936: rootName = null, domain = solr.core.users, service url = null, agent id = null] for registry solr.core.users/com.codahale.metrics.MetricRegistry@23144abf
2021-11-08 19:59:02.235 INFO  (coreCloseExecutor-72-thread-7) [   ] o.a.s.u.DirectUpdateHandler2 Committing on IndexWriter.close()  ... SKIPPED (unnecessary).
2021-11-08 19:59:02.240 INFO  (coreCloseExecutor-72-thread-9) [   ] o.a.s.m.SolrMetricManager Closing metric reporters for registry=solr.core.helpFull tag=SolrCore@5029e284
2021-11-08 19:59:02.240 INFO  (coreCloseExecutor-72-thread-9) [   ] o.a.s.m.r.SolrJmxReporter Closing reporter [org.apache.solr.metrics.reporters.SolrJmxReporter@55f170a8: rootName = null, domain = solr.core.helpFull, service url = null, agent id = null] for registry solr.core.helpFull/com.codahale.metrics.MetricRegistry@3df73ba0
2021-11-08 19:59:02.241 INFO  (coreCloseExecutor-72-thread-8) [   ] o.a.s.u.DirectUpdateHandler2 Committing on IndexWriter.close()  ... SKIPPED (unnecessary).
2021-11-08 19:59:02.246 INFO  (coreCloseExecutor-72-thread-10) [   ] o.a.s.m.SolrMetricManager Closing metric reporters for registry=solr.core.analytic tag=SolrCore@47486374
2021-11-08 19:59:02.246 INFO  (coreCloseExecutor-72-thread-10) [   ] o.a.s.m.r.SolrJmxReporter Closing reporter [org.apache.solr.metrics.reporters.SolrJmxReporter@5a433f34: rootName = null, domain = solr.core.analytic, service url = null, agent id = null] for registry solr.core.analytic/com.codahale.metrics.MetricRegistry@4514f880
2021-11-08 19:59:02.247 INFO  (coreCloseExecutor-72-thread-9) [   ] o.a.s.u.DirectUpdateHandler2 Committing on IndexWriter.close()  ... SKIPPED (unnecessary).
2021-11-08 19:59:02.252 INFO  (coreCloseExecutor-72-thread-11) [   ] o.a.s.m.SolrMetricManager Closing metric reporters for registry=solr.core.Solr_sample tag=SolrCore@1fd5f0f8
2021-11-08 19:59:02.252 INFO  (coreCloseExecutor-72-thread-11) [   ] o.a.s.m.r.SolrJmxReporter Closing reporter [org.apache.solr.metrics.reporters.SolrJmxReporter@622ff4fc: rootName = null, domain = solr.core.Solr_sample, service url = null, agent id = null] for registry solr.core.Solr_sample/com.codahale.metrics.MetricRegistry@5171e6f8
2021-11-08 19:59:02.254 INFO  (coreCloseExecutor-72-thread-10) [   ] o.a.s.u.DirectUpdateHandler2 Committing on IndexWriter.close()  ... SKIPPED (unnecessary).
2021-11-08 19:59:02.261 INFO  (coreCloseExecutor-72-thread-11) [   ] o.a.s.u.DirectUpdateHandler2 Committing on IndexWriter.close()  ... SKIPPED (unnecessary).
2021-11-08 19:59:02.266 INFO  (ShutdownMonitor) [   ] o.a.s.m.SolrMetricManager Closing metric reporters for registry=solr.node tag=null
2021-11-08 19:59:02.266 INFO  (ShutdownMonitor) [   ] o.a.s.m.r.SolrJmxReporter Closing reporter [org.apache.solr.metrics.reporters.SolrJmxReporter@2d0bfb24: rootName = null, domain = solr.node, service url = null, agent id = null] for registry solr.node/com.codahale.metrics.MetricRegistry@54e1d412
2021-11-08 19:59:02.268 INFO  (ShutdownMonitor) [   ] o.a.s.m.SolrMetricManager Closing metric reporters for registry=solr.jvm tag=null
2021-11-08 19:59:02.268 INFO  (ShutdownMonitor) [   ] o.a.s.m.r.SolrJmxReporter Closing reporter [org.apache.solr.metrics.reporters.SolrJmxReporter@72805168: rootName = null, domain = solr.jvm, service url = null, agent id = null] for registry solr.jvm/com.codahale.metrics.MetricRegistry@23f6d44b
2021-11-08 19:59:02.269 INFO  (ShutdownMonitor) [   ] o.a.s.m.SolrMetricManager Closing metric reporters for registry=solr.jetty tag=null
2021-11-08 19:59:02.270 INFO  (ShutdownMonitor) [   ] o.a.s.m.r.SolrJmxReporter Closing reporter [org.apache.solr.metrics.reporters.SolrJmxReporter@34b9fc7d: rootName = null, domain = solr.jetty, service url = null, agent id = null] for registry solr.jetty/com.codahale.metrics.MetricRegistry@158c39d4
2021-11-08 19:59:02.288 INFO  (ShutdownMonitor) [   ] o.e.j.s.h.ContextHandler Stopped o.e.j.w.WebAppContext@6c1a5b54{/solr,null,STOPPED}{/Users/rdhyani/Desktop/mine/solr-8.9.0/server/solr-webapp/webapp}
